Using pre-set license
Built from '2020.3/staging' branch; Version is '2020.3.41f1 (7c19dc9acfda) revision 8133084'; Using compiler version '192528614'; Build Type 'Release'
OS: 'Windows 10  (10.0.19044) 64bit Core' Language: 'fi' Physical Memory: 16061 MB
BatchMode: 1, IsHumanControllingUs: 0, StartBugReporterOnCrash: 0, Is64bit: 1, IsPro: 0

COMMAND LINE ARGUMENTS:
C:\Program Files\Unity\Hub\Editor\2020.3.41f1\Editor\Unity.exe
-adb2
-batchMode
-noUpm
-name
AssetImportWorker0
-projectPath
C:/Users/TEMP/Documents/LevelEditor/My project
-logFile
Logs/AssetImportWorker0.log
-srvPort
57244
Successfully changed project path to: C:/Users/TEMP/Documents/LevelEditor/My project
C:/Users/TEMP/Documents/LevelEditor/My project
Using Asset Import Pipeline V2.
Refreshing native plugins compatible for Editor in 38.26 ms, found 3 plugins.
Preloading 0 native plugins for Editor in 0.00 ms.
Initialize engine version: 2020.3.41f1 (7c19dc9acfda)
[Subsystems] Discovering subsystems at path C:/Program Files/Unity/Hub/Editor/2020.3.41f1/Editor/Data/Resources/UnitySubsystems
[Subsystems] Discovering subsystems at path C:/Users/TEMP/Documents/LevelEditor/My project/Assets
GfxDevice: creating device client; threaded=0
Direct3D:
    Version:  Direct3D 11.0 [level 11.1]
    Renderer: NVIDIA GeForce RTX 3060 Laptop GPU (ID=0x2520)
    Vendor:   
    VRAM:     6023 MB
    Driver:   30.0.15.1278
Initialize mono
Mono path[0] = 'C:/Program Files/Unity/Hub/Editor/2020.3.41f1/Editor/Data/Managed'
Mono path[1] = 'C:/Program Files/Unity/Hub/Editor/2020.3.41f1/Editor/Data/MonoBleedingEdge/lib/mono/unityjit'
Mono config path = 'C:/Program Files/Unity/Hub/Editor/2020.3.41f1/Editor/Data/MonoBleedingEdge/etc'
Using monoOptions --debugger-agent=transport=dt_socket,embedding=1,server=y,suspend=n,address=127.0.0.1:56208
Begin MonoManager ReloadAssembly
Registering precompiled unity dll's ...
Register platform support module: C:/Program Files/Unity/Hub/Editor/2020.3.41f1/Editor/Data/PlaybackEngines/WebGLSupport/UnityEditor.WebGL.Extensions.dll
Register platform support module: C:/Program Files/Unity/Hub/Editor/2020.3.41f1/Editor/Data/PlaybackEngines/WindowsStandaloneSupport/UnityEditor.WindowsStandalone.Extensions.dll
Registered in 0.001945 seconds.
Native extension for WindowsStandalone target not found
Native extension for WebGL target not found
Refreshing native plugins compatible for Editor in 35.07 ms, found 3 plugins.
Preloading 0 native plugins for Editor in 0.00 ms.
Mono: successfully reloaded assembly
- Completed reload, in  0.432 seconds
Domain Reload Profiling:
	ReloadAssembly (432ms)
		BeginReloadAssembly (49ms)
			ExecutionOrderSort (0ms)
			DisableScriptedObjects (0ms)
			BackupInstance (0ms)
			ReleaseScriptingObjects (0ms)
			CreateAndSetChildDomain (1ms)
		EndReloadAssembly (328ms)
			LoadAssemblies (48ms)
			RebuildTransferFunctionScriptingTraits (0ms)
			SetupTypeCache (105ms)
			ReleaseScriptCaches (0ms)
			RebuildScriptCaches (23ms)
			SetupLoadedEditorAssemblies (124ms)
				LogAssemblyErrors (0ms)
				InitializePlatformSupportModulesInManaged (4ms)
				SetLoadedEditorAssemblies (1ms)
				RefreshPlugins (35ms)
				BeforeProcessingInitializeOnLoad (6ms)
				ProcessInitializeOnLoadAttributes (59ms)
				ProcessInitializeOnLoadMethodAttributes (20ms)
				AfterProcessingInitializeOnLoad (0ms)
				EditorAssembliesLoaded (0ms)
			ExecutionOrderSort2 (0ms)
			AwakeInstancesAfterBackupRestoration (0ms)
Platform modules already initialized, skipping
Registering precompiled user dll's ...
Registered in 0.002925 seconds.
Begin MonoManager ReloadAssembly
Native extension for WindowsStandalone target not found
Native extension for WebGL target not found
Refreshing native plugins compatible for Editor in 40.02 ms, found 3 plugins.
Preloading 0 native plugins for Editor in 0.00 ms.
Mono: successfully reloaded assembly
- Completed reload, in  0.812 seconds
Domain Reload Profiling:
	ReloadAssembly (813ms)
		BeginReloadAssembly (109ms)
			ExecutionOrderSort (0ms)
			DisableScriptedObjects (4ms)
			BackupInstance (0ms)
			ReleaseScriptingObjects (0ms)
			CreateAndSetChildDomain (18ms)
		EndReloadAssembly (656ms)
			LoadAssemblies (78ms)
			RebuildTransferFunctionScriptingTraits (0ms)
			SetupTypeCache (214ms)
			ReleaseScriptCaches (0ms)
			RebuildScriptCaches (36ms)
			SetupLoadedEditorAssemblies (256ms)
				LogAssemblyErrors (0ms)
				InitializePlatformSupportModulesInManaged (3ms)
				SetLoadedEditorAssemblies (0ms)
				RefreshPlugins (40ms)
				BeforeProcessingInitializeOnLoad (52ms)
				ProcessInitializeOnLoadAttributes (140ms)
				ProcessInitializeOnLoadMethodAttributes (15ms)
				AfterProcessingInitializeOnLoad (5ms)
				EditorAssembliesLoaded (0ms)
			ExecutionOrderSort2 (0ms)
			AwakeInstancesAfterBackupRestoration (1ms)
Platform modules already initialized, skipping
========================================================================
Worker process is ready to serve import requests
Launched and connected shader compiler UnityShaderCompiler.exe after 0.04 seconds
Refreshing native plugins compatible for Editor in 0.41 ms, found 3 plugins.
Preloading 0 native plugins for Editor in 0.00 ms.
Unloading 2223 Unused Serialized files (Serialized files now loaded: 0)
System memory in use before: 97.3 MB.
System memory in use after: 97.2 MB.

Unloading 31 unused Assets to reduce memory usage. Loaded Objects now: 2655.
Total: 3.039600 ms (FindLiveObjects: 0.150600 ms CreateObjectMapping: 0.043100 ms MarkObjects: 2.711800 ms  DeleteObjects: 0.132400 ms)

AssetImportParameters requested are different than current active one (requested -> active):
  custom:framework-win-MediaFoundation: 216162199b28c13a410421893ffa2e32 -> 
  custom:video-decoder-ogg-theora: a1e56fd34408186e4bbccfd4996cb3dc -> 
  custom:container-muxer-webm: aa71ff27fc2769a1b78a27578f13a17b -> 
  custom:container-demuxer-webm: 4f35f7cbe854078d1ac9338744f61a02 -> 
  custom:container-demuxer-ogg: 62fdf1f143b41e24485cea50d1cbac27 -> 
  custom:video-encoder-webm-vp8: eb34c28f22e8b96e1ab97ce403110664 -> 
  custom:video-codec-MediaFoundation-h265: 746d11721c4dcdbdad8f713fa42b33f4 -> 
  custom:video-decoder-webm-vp8: 9c59270c3fd7afecdb556c50c9e8de78 -> 
  custom:audio-decoder-ogg-vorbis: bf7c407c2cedff20999df2af8eb42d56 -> 
  custom:audio-encoder-webm-vorbis: bf7c407c2cedff20999df2af8eb42d56 -> 
========================================================================
Received Import Request.
  path: Assets
  artifactKey: Guid(00000000000000001000000000000000) Importer(815301076,1909f56bfc062723c751e8b465ee728b)
Start importing Assets using Guid(00000000000000001000000000000000) Importer(815301076,1909f56bfc062723c751e8b465ee728b)  -> (artifact id: '42d402b061de3733987d63b9cc3b64de') in 0.004832 seconds 
========================================================================
Received Import Request.
  Time since last request: 9.064599 seconds.
  path: Assets/LevelEditor
  artifactKey: Guid(0a655ee9bdb5c8a4bb6eb42da3a5c13f) Importer(815301076,1909f56bfc062723c751e8b465ee728b)
Start importing Assets/LevelEditor using Guid(0a655ee9bdb5c8a4bb6eb42da3a5c13f) Importer(815301076,1909f56bfc062723c751e8b465ee728b)  -> (artifact id: '9b7ff1e97e722a93e28548932eaa4daa') in 0.003799 seconds 
========================================================================
Received Import Request.
  Time since last request: 9.834377 seconds.
  path: Assets/Resources
  artifactKey: Guid(15e78bb950116e247b1e881c28812bfd) Importer(815301076,1909f56bfc062723c751e8b465ee728b)
Start importing Assets/Resources using Guid(15e78bb950116e247b1e881c28812bfd) Importer(815301076,1909f56bfc062723c751e8b465ee728b)  -> (artifact id: '9ebc00a08a1f7ee20fd10d2a39b35231') in 0.003744 seconds 
========================================================================
Received Import Request.
  Time since last request: 229.099859 seconds.
  path: Assets/LevelEditor/Test Level.asset
  artifactKey: Guid(62c7f86b8feecdd439a751bc6dba5545) Importer(815301076,1909f56bfc062723c751e8b465ee728b)
Start importing Assets/LevelEditor/Test Level.asset using Guid(62c7f86b8feecdd439a751bc6dba5545) Importer(815301076,1909f56bfc062723c751e8b465ee728b)  -> (artifact id: 'b23f351bc26c0bea931c2ddd8d88d678') in 0.019380 seconds 
========================================================================
Received Import Request.
  Time since last request: 4.430789 seconds.
  path: Assets/LevelEditor/LevelSets
  artifactKey: Guid(7cdd78625b88d084c98b4e75570e1d47) Importer(815301076,1909f56bfc062723c751e8b465ee728b)
Start importing Assets/LevelEditor/LevelSets using Guid(7cdd78625b88d084c98b4e75570e1d47) Importer(815301076,1909f56bfc062723c751e8b465ee728b)  -> (artifact id: '5e21622351fc7e99c65ff3609c86004f') in 0.003135 seconds 
========================================================================
Received Import Request.
  Time since last request: 0.815958 seconds.
  path: Assets/LevelEditor/LevelSets/Levelset1/Level1.asset
  artifactKey: Guid(bb80090db59bfba4289cb1185163733a) Importer(815301076,1909f56bfc062723c751e8b465ee728b)
Start importing Assets/LevelEditor/LevelSets/Levelset1/Level1.asset using Guid(bb80090db59bfba4289cb1185163733a) Importer(815301076,1909f56bfc062723c751e8b465ee728b)  -> (artifact id: '2cc6957c835d7f8682a14edeaacc507a') in 0.003573 seconds 
========================================================================
Received Import Request.
  Time since last request: 0.000286 seconds.
  path: Assets/LevelEditor/LevelSets/Levelset1
  artifactKey: Guid(4f1fdc0d1f9256542bdf0e7224de44de) Importer(815301076,1909f56bfc062723c751e8b465ee728b)
Start importing Assets/LevelEditor/LevelSets/Levelset1 using Guid(4f1fdc0d1f9256542bdf0e7224de44de) Importer(815301076,1909f56bfc062723c751e8b465ee728b)  -> (artifact id: 'e7adaf485f9e12bda005dd40974ea826') in 0.002410 seconds 
========================================================================
Received Import Request.
  Time since last request: 0.000338 seconds.
  path: Assets/LevelEditor/LevelSets/Levelset1/Level2.asset
  artifactKey: Guid(41d3612755f28c940b5c35ecefc6f220) Importer(815301076,1909f56bfc062723c751e8b465ee728b)
Start importing Assets/LevelEditor/LevelSets/Levelset1/Level2.asset using Guid(41d3612755f28c940b5c35ecefc6f220) Importer(815301076,1909f56bfc062723c751e8b465ee728b)  -> (artifact id: '0449f0dde6378152fc082c0ee41ab89c') in 0.002966 seconds 
========================================================================
Received Import Request.
  Time since last request: 0.000262 seconds.
  path: Assets/LevelEditor/LevelSets/Levelset1/LevelSet1.asset
  artifactKey: Guid(4036ee7bfd06cc344aeb8e9f82da7ff6) Importer(815301076,1909f56bfc062723c751e8b465ee728b)
Start importing Assets/LevelEditor/LevelSets/Levelset1/LevelSet1.asset using Guid(4036ee7bfd06cc344aeb8e9f82da7ff6) Importer(815301076,1909f56bfc062723c751e8b465ee728b)  -> (artifact id: '2915b6b91be8caea81532944be6e65b7') in 0.003296 seconds 
========================================================================
Received Import Request.
  Time since last request: 3.429547 seconds.
  path: Assets/LevelEditor/Scripts
  artifactKey: Guid(eb66c86d24e5ddc47a4e50174f4050b5) Importer(815301076,1909f56bfc062723c751e8b465ee728b)
Start importing Assets/LevelEditor/Scripts using Guid(eb66c86d24e5ddc47a4e50174f4050b5) Importer(815301076,1909f56bfc062723c751e8b465ee728b)  -> (artifact id: '19e6ed687cb913b4d1560b4d5af3dca4') in 0.002907 seconds 
========================================================================
Received Import Request.
  Time since last request: 4.400033 seconds.
  path: Assets/LevelEditor/Tiles/Block.png
  artifactKey: Guid(6e51742b3cb24f04694a39c3d0f1a59f) Importer(815301076,1909f56bfc062723c751e8b465ee728b)
Start importing Assets/LevelEditor/Tiles/Block.png using Guid(6e51742b3cb24f04694a39c3d0f1a59f) Importer(815301076,1909f56bfc062723c751e8b465ee728b)  -> (artifact id: '928e66f91009215795bfce1b1dad700f') in 0.067484 seconds 
========================================================================
Received Import Request.
  Time since last request: 0.000361 seconds.
  path: Assets/LevelEditor/Tiles/Bubble.png
  artifactKey: Guid(577183d64d983f74d86422e337ccdc55) Importer(815301076,1909f56bfc062723c751e8b465ee728b)
Start importing Assets/LevelEditor/Tiles/Bubble.png using Guid(577183d64d983f74d86422e337ccdc55) Importer(815301076,1909f56bfc062723c751e8b465ee728b)  -> (artifact id: 'b3f3c3cc6df010f3d5782990655c4de9') in 0.014416 seconds 
========================================================================
Received Import Request.
  Time since last request: 0.000261 seconds.
  path: Assets/LevelEditor/Tiles
  artifactKey: Guid(61b18df501bf86e4b8e1ce91e8dd5d57) Importer(815301076,1909f56bfc062723c751e8b465ee728b)
Start importing Assets/LevelEditor/Tiles using Guid(61b18df501bf86e4b8e1ce91e8dd5d57) Importer(815301076,1909f56bfc062723c751e8b465ee728b)  -> (artifact id: '450417c831036b0ba74c2640034bf053') in 0.002303 seconds 
========================================================================
Received Import Request.
  Time since last request: 7.453735 seconds.
  path: Assets/Resources/LevelEditor/Emptyspot.png
  artifactKey: Guid(2a16f85f16928634681c5d3cb29188e0) Importer(815301076,1909f56bfc062723c751e8b465ee728b)
Start importing Assets/Resources/LevelEditor/Emptyspot.png using Guid(2a16f85f16928634681c5d3cb29188e0) Importer(815301076,1909f56bfc062723c751e8b465ee728b)  -> (artifact id: 'c5522fae7fb80db9fd5aa2e2a492c4db') in 0.017935 seconds 
========================================================================
Received Import Request.
  Time since last request: 0.000292 seconds.
  path: Assets/Resources/LevelEditor
  artifactKey: Guid(2cf5a6e3cdef92d43a4d22f221daf085) Importer(815301076,1909f56bfc062723c751e8b465ee728b)
Start importing Assets/Resources/LevelEditor using Guid(2cf5a6e3cdef92d43a4d22f221daf085) Importer(815301076,1909f56bfc062723c751e8b465ee728b)  -> (artifact id: '72703b9e0736a605f726386021672ef6') in 0.003079 seconds 
AssetImportWorkerClient::OnTransportError - code=2 error=End of file
